<?xml version="1.0" encoding="UTF-8"?>
<!-- Generated by org.testng.reporters.JUnitXMLReporter -->
<testsuite ignored="0" hostname="Jyoti" failures="0" tests="2" name="Default test" time="1.461" errors="0" timestamp="2025-08-07T15:30:49 IST">
  <testcase classname="com.qa.reqress.api.testcases.GetAllUserTest" name="getAllUserWithJsonPathQuery" time="1.058"/>
  <testcase classname="com.qa.reqress.api.testcases.GetAllUserTest" name="getAllUserWithPOJO" time="0.215"/>
</testsuite> <!-- Default test -->
