<?xml version="1.0" encoding="UTF-8"?>
<!-- Generated by org.testng.reporters.JUnitXMLReporter -->
<testsuite ignored="0" hostname="Jyoti" failures="0" tests="2" name="Get All User tests" time="2.844" errors="0" timestamp="2025-08-12T22:14:36 IST">
  <testcase classname="com.qa.reqress.api.testcases.GetAllUserTest" name="getAllUserWithJsonPathQuery" time="2.2"/>
  <testcase classname="com.qa.reqress.api.testcases.GetAllUserTest" name="getAllUserWithPOJO" time="0.266"/>
</testsuite> <!-- Get All User tests -->
