<?xml version="1.0" encoding="UTF-8"?>
<testng-results ignored="0" total="1" passed="1" failed="0" skipped="0">
  <reporter-output>
  </reporter-output>
  <suite started-at="2025-08-06T18:40:03 IST" name="Default suite" finished-at="2025-08-06T18:40:04 IST" duration-ms="1425">
    <groups>
    </groups>
    <test started-at="2025-08-06T18:40:03 IST" name="Default test" finished-at="2025-08-06T18:40:04 IST" duration-ms="1425">
      <class name="com.qa.reqress.api.testcases.GetAllUserTest">
        <test-method is-config="true" signature="initSetUp()[pri:0, instance:com.qa.reqress.api.testcases.GetAllUserTest@660acfb]" started-at="2025-08-06T18:40:03 IST" name="initSetUp" finished-at="2025-08-06T18:40:03 IST" duration-ms="312" status="PASS">
          <reporter-output>
          </reporter-output>
        </test-method> <!-- initSetUp -->
        <test-method is-config="true" signature="setUp()[pri:0, instance:com.qa.reqress.api.testcases.GetAllUserTest@660acfb]" started-at="2025-08-06T18:40:03 IST" name="setUp" finished-at="2025-08-06T18:40:03 IST" duration-ms="129" status="PASS">
          <reporter-output>
          </reporter-output>
        </test-method> <!-- setUp -->
        <test-method signature="getAllUser()[pri:0, instance:com.qa.reqress.api.testcases.GetAllUserTest@660acfb]" started-at="2025-08-06T18:40:03 IST" name="getAllUser" finished-at="2025-08-06T18:40:04 IST" duration-ms="1233" status="PASS">
          <reporter-output>
          </reporter-output>
        </test-method> <!-- getAllUser -->
      </class> <!-- com.qa.reqress.api.testcases.GetAllUserTest -->
    </test> <!-- Default test -->
  </suite> <!-- Default suite -->
</testng-results>
